nohup: ignoring input
To honour the JVM settings for this build a single-use Daemon process will be forked. For more on this, please refer to https://docs.gradle.org/8.7/userguide/gradle_daemon.html#sec:disabling_the_daemon in the Gradle documentation.
Exception in thread "DisconnectableInputStream source reader" org.gradle.api.UncheckedIOException: java.io.IOException: Bad file descriptor
	at org.gradle.internal.UncheckedException.throwAsUncheckedException(UncheckedException.java:62)
	at org.gradle.internal.UncheckedException.throwAsUncheckedException(UncheckedException.java:41)
	at org.gradle.util.internal.DisconnectableInputStream$1.run(DisconnectableInputStream.java:127)
	at java.base/java.lang.Thread.run(Thread.java:840)
Caused by: java.io.IOException: Bad file descriptor
	at java.base/java.io.FileInputStream.readBytes(Native Method)
	at java.base/java.io.FileInputStream.read(FileInputStream.java:276)
	at java.base/java.io.BufferedInputStream.read1(BufferedInputStream.java:282)
	at java.base/java.io.BufferedInputStream.read(BufferedInputStream.java:343)
	at org.gradle.util.internal.DisconnectableInputStream$1.run(DisconnectableInputStream.java:98)
	... 1 more
Daemon will be stopped at the end of the build 
> Task :buildSrc:checkKotlinGradlePluginConfigurationErrors
> Task :buildSrc:compileKotlin UP-TO-DATE
> Task :buildSrc:compileJava NO-SOURCE
> Task :buildSrc:compileGroovy NO-SOURCE
> Task :buildSrc:pluginDescriptors UP-TO-DATE
> Task :buildSrc:processResources UP-TO-DATE
> Task :buildSrc:classes UP-TO-DATE
> Task :buildSrc:jar UP-TO-DATE

> Configure project :TMessagesProj
WARNING: The option setting 'android.defaults.buildfeatures.buildconfig=true' is deprecated.
The current default is 'false'.
It will be removed in version 9.0 of the Android Gradle plugin.
To keep using this feature, add the following to your module-level build.gradle files:
    android.buildFeatures.buildConfig = true
or from Android Studio, click: `Refactor` > `Migrate BuildConfig to Gradle Build Files`.

> Configure project :TMessagesProj_AppHuawei
--W- Build Environment: AGConnect plugin version is: 1.9.1.301, Gradle version is: 8.7, Android Plugin version is: 8.6.1
--I- Using the AGConnect-Config file: /root/Telegram-update/TMessagesProj_AppHuawei/agconnect-services.json
--W- The variant: afatDebug, Use the json file: /root/Telegram-update/TMessagesProj_AppHuawei/agconnect-services.json
--I- Using the AGConnect-Config file: /root/Telegram-update/TMessagesProj_AppHuawei/agconnect-services.json
--W- The variant: afatRelease, Use the json file: /root/Telegram-update/TMessagesProj_AppHuawei/agconnect-services.json

> Task :TMessagesProj_AppHockeyApp:preBuild UP-TO-DATE
> Task :TMessagesProj_AppHockeyApp:preAfatDebugBuild UP-TO-DATE
> Task :TMessagesProj_AppHockeyApp:mergeAfatDebugNativeDebugMetadata NO-SOURCE
> Task :TMessagesProj:checkVisibility
> Task :TMessagesProj:preBuild
> Task :TMessagesProj:preDebugBuild
> Task :TMessagesProj:generateDebugBuildConfig UP-TO-DATE
> Task :TMessagesProj:generateDebugResValues UP-TO-DATE
> Task :TMessagesProj:generateDebugResources UP-TO-DATE
> Task :TMessagesProj:processDebugGoogleServices UP-TO-DATE
> Task :TMessagesProj:packageDebugResources UP-TO-DATE
> Task :TMessagesProj:parseDebugLocalResources UP-TO-DATE
> Task :TMessagesProj:generateDebugRFile UP-TO-DATE
> Task :TMessagesProj:javaPreCompileDebug UP-TO-DATE
> Task :TMessagesProj:compileDebugJavaWithJavac
Note: Some input files use or override a deprecated API.
Note: Recompile with -Xlint:deprecation for details.
Note: Some input files use unchecked or unsafe operations.
Note: Recompile with -Xlint:unchecked for details.

> Task :TMessagesProj_AppHockeyApp:generateAfatDebugBuildConfig UP-TO-DATE
> Task :TMessagesProj_AppHockeyApp:javaPreCompileAfatDebug UP-TO-DATE
> Task :TMessagesProj:compileDebugLibraryResources UP-TO-DATE
> Task :TMessagesProj:writeDebugAarMetadata UP-TO-DATE
> Task :TMessagesProj_AppHockeyApp:checkAfatDebugAarMetadata UP-TO-DATE
> Task :TMessagesProj_AppHockeyApp:generateAfatDebugResValues UP-TO-DATE
> Task :TMessagesProj_AppHockeyApp:injectCrashlyticsMappingFileIdAfatDebug UP-TO-DATE
> Task :TMessagesProj_AppHockeyApp:processAfatDebugGoogleServices UP-TO-DATE
> Task :TMessagesProj_AppHockeyApp:mapAfatDebugSourceSetPaths UP-TO-DATE
> Task :TMessagesProj_AppHockeyApp:generateAfatDebugResources UP-TO-DATE
> Task :TMessagesProj_AppHockeyApp:mergeAfatDebugResources UP-TO-DATE
> Task :TMessagesProj_AppHockeyApp:createAfatDebugCompatibleScreenManifests UP-TO-DATE
> Task :TMessagesProj:extractDeepLinksDebug UP-TO-DATE
> Task :TMessagesProj:processDebugManifest UP-TO-DATE
> Task :TMessagesProj_AppHockeyApp:extractDeepLinksAfatDebug UP-TO-DATE
> Task :TMessagesProj_AppHockeyApp:processAfatDebugMainManifest UP-TO-DATE
> Task :TMessagesProj_AppHockeyApp:processAfatDebugManifest UP-TO-DATE
> Task :TMessagesProj_AppHockeyApp:processAfatDebugManifestForPackage UP-TO-DATE
> Task :TMessagesProj:bundleLibCompileToJarDebug
> Task :TMessagesProj_AppHockeyApp:processAfatDebugResources UP-TO-DATE
> Task :TMessagesProj_AppHockeyApp:compileAfatDebugJavaWithJavac UP-TO-DATE
> Task :TMessagesProj:mergeDebugShaders UP-TO-DATE
> Task :TMessagesProj:compileDebugShaders NO-SOURCE
> Task :TMessagesProj:generateDebugAssets UP-TO-DATE
> Task :TMessagesProj:packageDebugAssets UP-TO-DATE
> Task :TMessagesProj_AppHockeyApp:mergeAfatDebugShaders UP-TO-DATE
> Task :TMessagesProj_AppHockeyApp:compileAfatDebugShaders NO-SOURCE
> Task :TMessagesProj_AppHockeyApp:generateAfatDebugAssets UP-TO-DATE
> Task :TMessagesProj_AppHockeyApp:mergeAfatDebugAssets UP-TO-DATE
> Task :TMessagesProj_AppHockeyApp:compressAfatDebugAssets UP-TO-DATE
> Task :TMessagesProj_AppHockeyApp:l8DexDesugarLibAfatDebug UP-TO-DATE
> Task :TMessagesProj:processDebugJavaRes NO-SOURCE
> Task :TMessagesProj_AppHockeyApp:processAfatDebugJavaRes NO-SOURCE
> Task :TMessagesProj_AppHockeyApp:mergeAfatDebugJavaResource UP-TO-DATE
> Task :TMessagesProj_AppHockeyApp:checkAfatDebugDuplicateClasses UP-TO-DATE
> Task :TMessagesProj_AppHockeyApp:desugarAfatDebugFileDependencies UP-TO-DATE
> Task :TMessagesProj_AppHockeyApp:mergeExtDexAfatDebug UP-TO-DATE
> Task :TMessagesProj:configureCMakeDebug[arm64-v8a]
> Task :TMessagesProj:buildCMakeDebug[arm64-v8a]
> Task :TMessagesProj:configureCMakeDebug[armeabi-v7a]
> Task :TMessagesProj:buildCMakeDebug[armeabi-v7a]
> Task :TMessagesProj:configureCMakeDebug[x86]
> Task :TMessagesProj:bundleLibRuntimeToJarDebug
> Task :TMessagesProj:buildCMakeDebug[x86]
> Task :TMessagesProj_AppHockeyApp:dexBuilderAfatDebug UP-TO-DATE
> Task :TMessagesProj_AppHockeyApp:mergeProjectDexAfatDebug UP-TO-DATE
> Task :TMessagesProj:configureCMakeDebug[x86_64]
> Task :TMessagesProj:buildCMakeDebug[x86_64]
> Task :TMessagesProj:mergeDebugJniLibFolders UP-TO-DATE
> Task :TMessagesProj:mergeDebugNativeLibs UP-TO-DATE
> Task :TMessagesProj:copyDebugJniLibsProjectOnly UP-TO-DATE
> Task :TMessagesProj_AppHockeyApp:mergeAfatDebugJniLibFolders UP-TO-DATE
> Task :TMessagesProj_AppHockeyApp:mergeAfatDebugNativeLibs UP-TO-DATE
> Task :TMessagesProj_AppHockeyApp:stripAfatDebugDebugSymbols UP-TO-DATE
> Task :TMessagesProj_AppHockeyApp:validateSigningAfatDebug UP-TO-DATE
> Task :TMessagesProj_AppHockeyApp:writeAfatDebugAppMetadata UP-TO-DATE
> Task :TMessagesProj_AppHockeyApp:writeAfatDebugSigningConfigVersions UP-TO-DATE
> Task :TMessagesProj_AppHockeyApp:mergeLibDexAfatDebug
> Task :TMessagesProj_AppHockeyApp:packageAfatDebug
> Task :TMessagesProj_AppHockeyApp:createAfatDebugApkListingFileRedirect UP-TO-DATE
> Task :TMessagesProj_AppHockeyApp:assembleAfatDebug

Deprecated Gradle features were used in this build, making it incompatible with Gradle 9.0.

You can use '--warning-mode all' to show the individual deprecation warnings and determine if they come from your own scripts or plugins.

For more on this, please refer to https://docs.gradle.org/8.7/userguide/command_line_interface.html#sec:command_line_warnings in the Gradle documentation.

BUILD SUCCESSFUL in 6m 29s
69 actionable tasks: 15 executed, 54 up-to-date
